<?xml version="1.0" encoding="UTF-8"?>
<testng-results skipped="0" failed="0" ignored="0" total="1" passed="1">
  <reporter-output>
  </reporter-output>
  <suite name="Command line suite" duration-ms="35" started-at="2020-04-30T00:36:38 IST" finished-at="2020-04-30T00:36:38 IST">
    <groups>
    </groups>
    <test name="Command line test" duration-ms="35" started-at="2020-04-30T00:36:38 IST" finished-at="2020-04-30T00:36:38 IST">
      <class name="bdd.APIFramework.AppTest">
        <test-method status="PASS" signature="testApp()" name="testApp" duration-ms="7" started-at="2020-04-30T00:36:38 IST" finished-at="2020-04-30T00:36:38 IST">
          <reporter-output>
          </reporter-output>
        </test-method> <!-- testApp -->
      </class> <!-- bdd.APIFramework.AppTest -->
    </test> <!-- Command line test -->
  </suite> <!-- Command line suite -->
</testng-results>
