-------------------------------------------------------------------------------
Test set: cucumber.Options.TestRunner
-------------------------------------------------------------------------------
Tests run: 6, Failures: 0, Errors: 6, Skipped: 0, Time elapsed: 3.277 sec <<< FAILURE!
Verify rates for latest and past dated foreign exchange rates(Validate foreign exchange rates for positive)  Time elapsed: 2.015 sec  <<< ERROR!
io.cucumber.junit.UndefinedThrowable: The step "user calls Get http request with /api/2020-05-08" is undefined

Verify rates for latest and past dated foreign exchange rates(Validate foreign exchange rates for positive)  Time elapsed: 2.016 sec  <<< ERROR!
io.cucumber.junit.UndefinedThrowable: The step "base in response body is EUR" is undefined

Verify rates for latest and past dated foreign exchange rates(Validate foreign exchange rates for positive)  Time elapsed: 2.017 sec  <<< ERROR!
java.lang.IllegalArgumentException: Cannot create function name from empty sentence
	at cucumber.runtime.snippets.FunctionNameGenerator.removeIllegalCharacters(FunctionNameGenerator.java:22)
	at cucumber.runtime.snippets.FunctionNameGenerator.generateFunctionName(FunctionNameGenerator.java:13)
	at cucumber.runtime.snippets.SnippetGenerator.functionName(SnippetGenerator.java:64)
	at cucumber.runtime.snippets.SnippetGenerator.getSnippet(SnippetGenerator.java:47)
	at cucumber.runtime.java.JavaBackend.getSnippet(JavaBackend.java:164)
	at cucumber.runner.Runner.addTestStepsForPickleSteps(Runner.java:78)
	at cucumber.runner.Runner.createTestCaseForPickle(Runner.java:64)
	at cucumber.runner.Runner.runPickle(Runner.java:49)
	at io.cucumber.junit.PickleRunners$NoStepDescriptions.run(PickleRunners.java:146)
	at io.cucumber.junit.FeatureRunner.runChild(FeatureRunner.java:68)
	at io.cucumber.junit.FeatureRunner.runChild(FeatureRunner.java:23)
	at org.junit.runners.ParentRunner$3.run(ParentRunner.java:290)
	at org.junit.runners.ParentRunner$1.schedule(ParentRunner.java:71)
	at org.junit.runners.ParentRunner.runChildren(ParentRunner.java:288)
	at org.junit.runners.ParentRunner.access$000(ParentRunner.java:58)
	at org.junit.runners.ParentRunner$2.evaluate(ParentRunner.java:268)
	at org.junit.runners.ParentRunner.run(ParentRunner.java:363)
	at io.cucumber.junit.Cucumber.runChild(Cucumber.java:144)
	at io.cucumber.junit.Cucumber.runChild(Cucumber.java:65)
	at org.junit.runners.ParentRunner$3.run(ParentRunner.java:290)
	at org.junit.runners.ParentRunner$1.schedule(ParentRunner.java:71)
	at org.junit.runners.ParentRunner.runChildren(ParentRunner.java:288)
	at org.junit.runners.ParentRunner.access$000(ParentRunner.java:58)
	at org.junit.runners.ParentRunner$2.evaluate(ParentRunner.java:268)
	at io.cucumber.junit.Cucumber$RunCucumber.evaluate(Cucumber.java:174)
	at org.junit.runners.ParentRunner.run(ParentRunner.java:363)
	at org.apache.maven.surefire.junit4.JUnit4Provider.execute(JUnit4Provider.java:252)
	at org.apache.maven.surefire.junit4.JUnit4Provider.executeTestSet(JUnit4Provider.java:141)
	at org.apache.maven.surefire.junit4.JUnit4Provider.invoke(JUnit4Provider.java:112)
	at sun.reflect.NativeMethodAccessorImpl.invoke0(Native Method)
	at sun.reflect.NativeMethodAccessorImpl.invoke(NativeMethodAccessorImpl.java:62)
	at sun.reflect.DelegatingMethodAccessorImpl.invoke(DelegatingMethodAccessorImpl.java:43)
	at java.lang.reflect.Method.invoke(Method.java:498)
	at org.apache.maven.surefire.util.ReflectionUtils.invokeMethodWithArray(ReflectionUtils.java:189)
	at org.apache.maven.surefire.booter.ProviderFactory$ProviderProxy.invoke(ProviderFactory.java:165)
	at org.apache.maven.surefire.booter.ProviderFactory.invokeProvider(ProviderFactory.java:85)
	at org.apache.maven.surefire.booter.ForkedBooter.runSuitesInProcess(ForkedBooter.java:115)
	at org.apache.maven.surefire.booter.ForkedBooter.main(ForkedBooter.java:75)
	at ?.(file:src/test/java/features/placeValidations.feature:8)

Verify rates for latest and past dated foreign exchange rates(Validate foreign exchange rates for positive)  Time elapsed: 0 sec  <<< ERROR!
io.cucumber.junit.UndefinedThrowable: The step "user calls Get http request with /api/2010-01-14" is undefined

Verify rates for latest and past dated foreign exchange rates(Validate foreign exchange rates for positive)  Time elapsed: 0 sec  <<< ERROR!
io.cucumber.junit.UndefinedThrowable: The step "base in response body is EUR" is undefined

Verify rates for latest and past dated foreign exchange rates(Validate foreign exchange rates for positive)  Time elapsed: 0 sec  <<< ERROR!
java.lang.IllegalArgumentException: Cannot create function name from empty sentence
	at cucumber.runtime.snippets.FunctionNameGenerator.removeIllegalCharacters(FunctionNameGenerator.java:22)
	at cucumber.runtime.snippets.FunctionNameGenerator.generateFunctionName(FunctionNameGenerator.java:13)
	at cucumber.runtime.snippets.SnippetGenerator.functionName(SnippetGenerator.java:64)
	at cucumber.runtime.snippets.SnippetGenerator.getSnippet(SnippetGenerator.java:47)
	at cucumber.runtime.java.JavaBackend.getSnippet(JavaBackend.java:164)
	at cucumber.runner.Runner.addTestStepsForPickleSteps(Runner.java:78)
	at cucumber.runner.Runner.createTestCaseForPickle(Runner.java:64)
	at cucumber.runner.Runner.runPickle(Runner.java:49)
	at io.cucumber.junit.PickleRunners$NoStepDescriptions.run(PickleRunners.java:146)
	at io.cucumber.junit.FeatureRunner.runChild(FeatureRunner.java:68)
	at io.cucumber.junit.FeatureRunner.runChild(FeatureRunner.java:23)
	at org.junit.runners.ParentRunner$3.run(ParentRunner.java:290)
	at org.junit.runners.ParentRunner$1.schedule(ParentRunner.java:71)
	at org.junit.runners.ParentRunner.runChildren(ParentRunner.java:288)
	at org.junit.runners.ParentRunner.access$000(ParentRunner.java:58)
	at org.junit.runners.ParentRunner$2.evaluate(ParentRunner.java:268)
	at org.junit.runners.ParentRunner.run(ParentRunner.java:363)
	at io.cucumber.junit.Cucumber.runChild(Cucumber.java:144)
	at io.cucumber.junit.Cucumber.runChild(Cucumber.java:65)
	at org.junit.runners.ParentRunner$3.run(ParentRunner.java:290)
	at org.junit.runners.ParentRunner$1.schedule(ParentRunner.java:71)
	at org.junit.runners.ParentRunner.runChildren(ParentRunner.java:288)
	at org.junit.runners.ParentRunner.access$000(ParentRunner.java:58)
	at org.junit.runners.ParentRunner$2.evaluate(ParentRunner.java:268)
	at io.cucumber.junit.Cucumber$RunCucumber.evaluate(Cucumber.java:174)
	at org.junit.runners.ParentRunner.run(ParentRunner.java:363)
	at org.apache.maven.surefire.junit4.JUnit4Provider.execute(JUnit4Provider.java:252)
	at org.apache.maven.surefire.junit4.JUnit4Provider.executeTestSet(JUnit4Provider.java:141)
	at org.apache.maven.surefire.junit4.JUnit4Provider.invoke(JUnit4Provider.java:112)
	at sun.reflect.NativeMethodAccessorImpl.invoke0(Native Method)
	at sun.reflect.NativeMethodAccessorImpl.invoke(NativeMethodAccessorImpl.java:62)
	at sun.reflect.DelegatingMethodAccessorImpl.invoke(DelegatingMethodAccessorImpl.java:43)
	at java.lang.reflect.Method.invoke(Method.java:498)
	at org.apache.maven.surefire.util.ReflectionUtils.invokeMethodWithArray(ReflectionUtils.java:189)
	at org.apache.maven.surefire.booter.ProviderFactory$ProviderProxy.invoke(ProviderFactory.java:165)
	at org.apache.maven.surefire.booter.ProviderFactory.invokeProvider(ProviderFactory.java:85)
	at org.apache.maven.surefire.booter.ForkedBooter.runSuitesInProcess(ForkedBooter.java:115)
	at org.apache.maven.surefire.booter.ForkedBooter.main(ForkedBooter.java:75)
	at ?.(file:src/test/java/features/placeValidations.feature:8)

